<?xml version="1.0" encoding="utf-8" standalone="no"?>
<!--This file represents the results of running a test suite-->
<test-results name="C:\Users\bzell\Documents\GitHub\Wcf.Log4Net\Src\Wcf.Log4Net.IntegrationTest\bin\Release\Wcf.Log4Net.IntegrationTest.dll" total="1" errors="0" failures="0" not-run="0" inconclusive="0" ignored="0" skipped="0" invalid="0" date="2013-10-14" time="13:15:45">
  <environment nunit-version="2.6.2.12296" clr-version="2.0.50727.5472" os-version="Microsoft Windows NT 6.1.7601 Service Pack 1" platform="Win32NT" cwd="C:\Users\bzell\Documents\GitHub\Wcf.Log4Net" machine-name="ISA-BZELL" user="bzell" user-domain="IDT-CORALVILLE" />
  <culture-info current-culture="en-US" current-uiculture="en-US" />
  <test-suite type="Assembly" name="C:\Users\bzell\Documents\GitHub\Wcf.Log4Net\Src\Wcf.Log4Net.IntegrationTest\bin\Release\Wcf.Log4Net.IntegrationTest.dll" executed="True" result="Success" success="True" time="12.517" asserts="0">
    <results>
      <test-suite type="Namespace" name="Wcf" executed="True" result="Success" success="True" time="12.500" asserts="0">
        <results>
          <test-suite type="Namespace" name="Log4Net" executed="True" result="Success" success="True" time="12.500" asserts="0">
            <results>
              <test-suite type="Namespace" name="IntegrationTest" executed="True" result="Success" success="True" time="12.500" asserts="0">
                <results>
                  <test-suite type="TestFixture" name="UnhandledExceptionBehaviorTest" executed="True" result="Success" success="True" time="12.498" asserts="0">
                    <results>
                      <test-case name="Wcf.Log4Net.IntegrationTest.UnhandledExceptionBehaviorTest.Log4NetCatchesUnhandledExceptionsTest" executed="True" result="Success" success="True" time="12.487" asserts="2" />
                    </results>
                  </test-suite>
                </results>
              </test-suite>
            </results>
          </test-suite>
        </results>
      </test-suite>
    </results>
  </test-suite>
</test-results>